<?xml version="1.0" encoding="UTF-8"?>
<!-- Generated by org.testng.reporters.JUnitReportReporter -->
<testsuite hostname="MECH1702361" failures="0" tests="1" name="TestSuite.Rediff_TestCase" time="11.863" errors="0" timestamp="02 Jul 2021 04:28:39 GMT" skipped="0">
  <testcase classname="TestSuite.Rediff_TestCase" name="testing" time="11.863"/>
</testsuite> <!-- TestSuite.Rediff_TestCase -->
